2025-08-27 14:01:25,812 INFO RPC interface 'supervisor' initialized
2025-08-27 14:01:25,812 CRIT Server 'unix_http_server' running without any HTTP authentication checking
2025-08-27 14:01:25,815 INFO daemonizing the supervisord process
2025-08-27 14:01:25,816 INFO supervisord started with pid 1903
2025-08-27 14:01:26,820 INFO spawned: 'ai_agent_evaluator' with pid 1905
2025-08-27 14:01:27,822 INFO success: ai_agent_evaluator entered RUNNING state, process has stayed up for > than 1 seconds (startsecs)
2025-08-27 14:09:41,400 INFO waiting for ai_agent_evaluator to stop
2025-08-27 14:09:41,724 INFO stopped: ai_agent_evaluator (exit status 0)
2025-08-27 14:09:41,729 INFO spawned: 'ai_agent_evaluator' with pid 2709
2025-08-27 14:09:42,730 INFO success: ai_agent_evaluator entered RUNNING state, process has stayed up for > than 1 seconds (startsecs)
2025-08-27 14:14:57,958 INFO waiting for ai_agent_evaluator to stop
2025-08-27 14:14:58,361 INFO stopped: ai_agent_evaluator (exit status 0)
2025-08-27 14:14:58,366 INFO spawned: 'ai_agent_evaluator' with pid 3291
2025-08-27 14:14:59,368 INFO success: ai_agent_evaluator entered RUNNING state, process has stayed up for > than 1 seconds (startsecs)
2025-08-27 14:21:30,723 INFO waiting for ai_agent_evaluator to stop
2025-08-27 14:21:31,468 INFO stopped: ai_agent_evaluator (exit status 0)
2025-08-27 14:21:31,472 INFO spawned: 'ai_agent_evaluator' with pid 4286
2025-08-27 14:21:32,474 INFO success: ai_agent_evaluator entered RUNNING state, process has stayed up for > than 1 seconds (startsecs)
2025-08-27 14:31:21,639 INFO waiting for ai_agent_evaluator to stop
2025-08-27 14:31:22,019 INFO stopped: ai_agent_evaluator (exit status 0)
2025-08-27 14:31:22,023 INFO spawned: 'ai_agent_evaluator' with pid 7910
2025-08-27 14:31:23,026 INFO success: ai_agent_evaluator entered RUNNING state, process has stayed up for > than 1 seconds (startsecs)
2025-08-27 14:39:33,540 INFO waiting for ai_agent_evaluator to stop
2025-08-27 14:39:33,915 INFO stopped: ai_agent_evaluator (exit status 0)
2025-08-27 14:39:33,920 INFO spawned: 'ai_agent_evaluator' with pid 9929
2025-08-27 14:39:34,922 INFO success: ai_agent_evaluator entered RUNNING state, process has stayed up for > than 1 seconds (startsecs)
2025-08-27 14:41:52,262 INFO waiting for ai_agent_evaluator to stop
2025-08-27 14:41:52,825 INFO stopped: ai_agent_evaluator (exit status 0)
2025-08-27 14:41:52,829 INFO spawned: 'ai_agent_evaluator' with pid 10953
2025-08-27 14:41:53,831 INFO success: ai_agent_evaluator entered RUNNING state, process has stayed up for > than 1 seconds (startsecs)
2025-08-27 14:44:24,632 WARN exited: ai_agent_evaluator (exit status 1; not expected)
2025-08-27 14:44:25,635 INFO spawned: 'ai_agent_evaluator' with pid 11313
2025-08-27 14:44:25,946 WARN exited: ai_agent_evaluator (exit status 1; not expected)
2025-08-27 14:44:26,949 INFO spawned: 'ai_agent_evaluator' with pid 11340
2025-08-27 14:44:27,253 WARN exited: ai_agent_evaluator (exit status 1; not expected)
2025-08-27 14:44:29,257 INFO spawned: 'ai_agent_evaluator' with pid 11348
2025-08-27 14:44:29,568 WARN exited: ai_agent_evaluator (exit status 1; not expected)
2025-08-27 14:44:32,574 INFO spawned: 'ai_agent_evaluator' with pid 11355
2025-08-27 14:44:32,909 WARN exited: ai_agent_evaluator (exit status 1; not expected)
2025-08-27 14:44:33,911 INFO gave up: ai_agent_evaluator entered FATAL state, too many start retries too quickly
2025-08-27 14:47:05,666 INFO spawned: 'ai_agent_evaluator' with pid 11912
2025-08-27 14:47:07,029 INFO success: ai_agent_evaluator entered RUNNING state, process has stayed up for > than 1 seconds (startsecs)
2025-08-27 14:47:07,029 WARN exited: ai_agent_evaluator (exit status 1; not expected)
2025-08-27 14:47:07,031 INFO spawned: 'ai_agent_evaluator' with pid 11949
2025-08-27 14:47:08,401 INFO success: ai_agent_evaluator entered RUNNING state, process has stayed up for > than 1 seconds (startsecs)
2025-08-27 14:47:08,401 WARN exited: ai_agent_evaluator (exit status 1; not expected)
2025-08-27 14:47:09,404 INFO spawned: 'ai_agent_evaluator' with pid 11963
2025-08-27 14:47:09,720 WARN exited: ai_agent_evaluator (exit status 1; not expected)
2025-08-27 14:47:10,724 INFO spawned: 'ai_agent_evaluator' with pid 11965
2025-08-27 14:47:10,979 CRIT Handling XML-RPC request with data "<?xml version='1.0'?>\n<methodCall>\n<methodName>supervisor.readProcessStderrLog</methodName>\n<params>\n<param>\n<value><string>ai_agent_evaluator</string></value>\n</param>\n<param>\n<value><int>-1600</int></value>\n</param>\n<param>\n<value><int>0</int></value>\n</param>\n</params>\n</methodCall>\n" raised an unexpected exception: Traceback (most recent call last):
  File "/usr/local/lib/python3.12/site-packages/supervisor/rpcinterface.py", line 716, in _readProcessLog
    return as_string(readFile(logfile, int(offset), int(length)))
           ^^^^^^^^^^^^^^^^^^^^^^^^^^^^^^^^^^^^^^^^^^^^^^^^^^^^^^
  File "/usr/local/lib/python3.12/site-packages/supervisor/compat.py", line 60, in as_string
    return s.decode(encoding)
           ^^^^^^^^^^^^^^^^^^
UnicodeDecodeError: 'utf-8' codec can't decode byte 0x9c in position 0: invalid start byte

During handling of the above exception, another exception occurred:

Traceback (most recent call last):
  File "/usr/local/lib/python3.12/site-packages/supervisor/xmlrpc.py", line 410, in continue_request
    value = self.call(method, params)
            ^^^^^^^^^^^^^^^^^^^^^^^^^
  File "/usr/local/lib/python3.12/site-packages/supervisor/xmlrpc.py", line 446, in call
    return traverse(self.rpcinterface, method, params)
           ^^^^^^^^^^^^^^^^^^^^^^^^^^^^^^^^^^^^^^^^^^^
  File "/usr/local/lib/python3.12/site-packages/supervisor/xmlrpc.py", line 469, in traverse
    return func(*params)
           ^^^^^^^^^^^^^
  File "/usr/local/lib/python3.12/site-packages/supervisor/rpcinterface.py", line 743, in readProcessStderrLog
    return self._readProcessLog(name, offset, length, 'stderr')
           ^^^^^^^^^^^^^^^^^^^^^^^^^^^^^^^^^^^^^^^^^^^^^^^^^^^^
  File "/usr/local/lib/python3.12/site-packages/supervisor/rpcinterface.py", line 719, in _readProcessLog
    raise RPCError(getattr(Faults, why))
                   ^^^^^^^^^^^^^^^^^^^^
AttributeError: type object 'Faults' has no attribute 'utf-8'

2025-08-27 14:47:11,038 WARN exited: ai_agent_evaluator (exit status 1; not expected)
2025-08-27 14:47:13,043 INFO spawned: 'ai_agent_evaluator' with pid 11971
2025-08-27 14:47:13,355 WARN exited: ai_agent_evaluator (exit status 1; not expected)
2025-08-27 14:47:16,361 INFO spawned: 'ai_agent_evaluator' with pid 11978
2025-08-27 14:47:16,666 WARN exited: ai_agent_evaluator (exit status 1; not expected)
2025-08-27 14:47:17,668 INFO gave up: ai_agent_evaluator entered FATAL state, too many start retries too quickly
2025-08-27 14:47:53,229 WARN received SIGTERM indicating exit request
2025-08-27 15:05:13,677 INFO RPC interface 'supervisor' initialized
2025-08-27 15:05:13,677 CRIT Server 'unix_http_server' running without any HTTP authentication checking
2025-08-27 15:05:13,686 INFO daemonizing the supervisord process
2025-08-27 15:05:13,687 INFO supervisord started with pid 14698
2025-08-27 15:05:14,690 INFO spawned: 'ai_agent_evaluator' with pid 14711
2025-08-27 15:05:15,692 INFO success: ai_agent_evaluator entered RUNNING state, process has stayed up for > than 1 seconds (startsecs)
2025-08-27 15:05:17,207 WARN exited: ai_agent_evaluator (exit status 1; not expected)
2025-08-27 15:05:18,211 INFO spawned: 'ai_agent_evaluator' with pid 14716
2025-08-27 15:05:19,213 INFO success: ai_agent_evaluator entered RUNNING state, process has stayed up for > than 1 seconds (startsecs)
2025-08-27 15:05:19,807 WARN exited: ai_agent_evaluator (exit status 1; not expected)
2025-08-27 15:05:20,811 INFO spawned: 'ai_agent_evaluator' with pid 14721
2025-08-27 15:05:21,812 INFO success: ai_agent_evaluator entered RUNNING state, process has stayed up for > than 1 seconds (startsecs)
2025-08-27 15:05:22,315 WARN exited: ai_agent_evaluator (exit status 1; not expected)
2025-08-27 15:05:23,318 INFO spawned: 'ai_agent_evaluator' with pid 14725
2025-08-27 15:05:24,320 INFO success: ai_agent_evaluator entered RUNNING state, process has stayed up for > than 1 seconds (startsecs)
2025-08-27 15:05:24,807 WARN exited: ai_agent_evaluator (exit status 1; not expected)
2025-08-27 15:05:25,811 INFO spawned: 'ai_agent_evaluator' with pid 14730
2025-08-27 15:05:26,812 INFO success: ai_agent_evaluator entered RUNNING state, process has stayed up for > than 1 seconds (startsecs)
2025-08-27 15:05:27,341 WARN exited: ai_agent_evaluator (exit status 1; not expected)
2025-08-27 15:05:28,344 INFO spawned: 'ai_agent_evaluator' with pid 14734
2025-08-27 15:05:29,346 INFO success: ai_agent_evaluator entered RUNNING state, process has stayed up for > than 1 seconds (startsecs)
2025-08-27 15:05:29,831 WARN exited: ai_agent_evaluator (exit status 1; not expected)
2025-08-27 15:05:30,834 INFO spawned: 'ai_agent_evaluator' with pid 14739
2025-08-27 15:05:31,836 INFO success: ai_agent_evaluator entered RUNNING state, process has stayed up for > than 1 seconds (startsecs)
2025-08-27 15:05:32,340 WARN exited: ai_agent_evaluator (exit status 1; not expected)
2025-08-27 15:05:33,343 INFO spawned: 'ai_agent_evaluator' with pid 14743
2025-08-27 15:05:34,345 INFO success: ai_agent_evaluator entered RUNNING state, process has stayed up for > than 1 seconds (startsecs)
2025-08-27 15:05:34,842 WARN exited: ai_agent_evaluator (exit status 1; not expected)
2025-08-27 15:05:35,846 INFO spawned: 'ai_agent_evaluator' with pid 14748
2025-08-27 15:05:36,848 INFO success: ai_agent_evaluator entered RUNNING state, process has stayed up for > than 1 seconds (startsecs)
2025-08-27 15:05:37,369 WARN exited: ai_agent_evaluator (exit status 1; not expected)
2025-08-27 15:05:38,372 INFO spawned: 'ai_agent_evaluator' with pid 14752
2025-08-27 15:05:39,374 INFO success: ai_agent_evaluator entered RUNNING state, process has stayed up for > than 1 seconds (startsecs)
2025-08-27 15:05:39,935 WARN exited: ai_agent_evaluator (exit status 1; not expected)
2025-08-27 15:05:40,939 INFO spawned: 'ai_agent_evaluator' with pid 14757
2025-08-27 15:05:41,941 INFO success: ai_agent_evaluator entered RUNNING state, process has stayed up for > than 1 seconds (startsecs)
2025-08-27 15:05:42,542 WARN exited: ai_agent_evaluator (exit status 1; not expected)
2025-08-27 15:05:43,545 INFO spawned: 'ai_agent_evaluator' with pid 14768
2025-08-27 15:05:44,547 INFO success: ai_agent_evaluator entered RUNNING state, process has stayed up for > than 1 seconds (startsecs)
2025-08-27 15:05:46,182 WARN exited: ai_agent_evaluator (exit status 1; not expected)
2025-08-27 15:05:47,185 INFO spawned: 'ai_agent_evaluator' with pid 14831
2025-08-27 15:05:48,186 INFO success: ai_agent_evaluator entered RUNNING state, process has stayed up for > than 1 seconds (startsecs)
2025-08-27 15:05:48,753 WARN exited: ai_agent_evaluator (exit status 1; not expected)
2025-08-27 15:05:49,756 INFO spawned: 'ai_agent_evaluator' with pid 14837
2025-08-27 15:05:50,759 INFO success: ai_agent_evaluator entered RUNNING state, process has stayed up for > than 1 seconds (startsecs)
2025-08-27 15:05:51,308 WARN exited: ai_agent_evaluator (exit status 1; not expected)
2025-08-27 15:05:52,312 INFO spawned: 'ai_agent_evaluator' with pid 14852
2025-08-27 15:05:53,314 INFO success: ai_agent_evaluator entered RUNNING state, process has stayed up for > than 1 seconds (startsecs)
2025-08-27 15:05:55,021 WARN exited: ai_agent_evaluator (exit status 1; not expected)
2025-08-27 15:05:56,025 INFO spawned: 'ai_agent_evaluator' with pid 14893
2025-08-27 15:05:57,026 INFO success: ai_agent_evaluator entered RUNNING state, process has stayed up for > than 1 seconds (startsecs)
2025-08-27 15:05:57,687 WARN exited: ai_agent_evaluator (exit status 1; not expected)
2025-08-27 15:05:58,691 INFO spawned: 'ai_agent_evaluator' with pid 14904
2025-08-27 15:05:59,693 INFO success: ai_agent_evaluator entered RUNNING state, process has stayed up for > than 1 seconds (startsecs)
2025-08-27 15:06:01,807 WARN exited: ai_agent_evaluator (exit status 1; not expected)
2025-08-27 15:06:02,811 INFO spawned: 'ai_agent_evaluator' with pid 14921
2025-08-27 15:06:03,813 INFO success: ai_agent_evaluator entered RUNNING state, process has stayed up for > than 1 seconds (startsecs)
2025-08-27 15:06:05,275 WARN exited: ai_agent_evaluator (exit status 1; not expected)
2025-08-27 15:06:06,279 INFO spawned: 'ai_agent_evaluator' with pid 14932
2025-08-27 15:06:07,281 INFO success: ai_agent_evaluator entered RUNNING state, process has stayed up for > than 1 seconds (startsecs)
2025-08-27 15:06:08,984 WARN exited: ai_agent_evaluator (exit status 1; not expected)
2025-08-27 15:06:09,988 INFO spawned: 'ai_agent_evaluator' with pid 14983
2025-08-27 15:06:10,990 INFO success: ai_agent_evaluator entered RUNNING state, process has stayed up for > than 1 seconds (startsecs)
2025-08-27 15:06:12,560 WARN exited: ai_agent_evaluator (exit status 1; not expected)
2025-08-27 15:06:13,564 INFO spawned: 'ai_agent_evaluator' with pid 14998
2025-08-27 15:06:14,565 INFO success: ai_agent_evaluator entered RUNNING state, process has stayed up for > than 1 seconds (startsecs)
2025-08-27 15:06:16,120 WARN exited: ai_agent_evaluator (exit status 1; not expected)
2025-08-27 15:06:17,124 INFO spawned: 'ai_agent_evaluator' with pid 15049
2025-08-27 15:06:18,125 INFO success: ai_agent_evaluator entered RUNNING state, process has stayed up for > than 1 seconds (startsecs)
2025-08-27 15:06:18,627 WARN exited: ai_agent_evaluator (exit status 1; not expected)
2025-08-27 15:06:19,631 INFO spawned: 'ai_agent_evaluator' with pid 15057
2025-08-27 15:06:20,633 INFO success: ai_agent_evaluator entered RUNNING state, process has stayed up for > than 1 seconds (startsecs)
2025-08-27 15:06:22,191 WARN exited: ai_agent_evaluator (exit status 1; not expected)
2025-08-27 15:06:23,194 INFO spawned: 'ai_agent_evaluator' with pid 15063
2025-08-27 15:06:24,196 INFO success: ai_agent_evaluator entered RUNNING state, process has stayed up for > than 1 seconds (startsecs)
2025-08-27 15:06:24,721 WARN exited: ai_agent_evaluator (exit status 1; not expected)
2025-08-27 15:06:25,725 INFO spawned: 'ai_agent_evaluator' with pid 15070
2025-08-27 15:06:26,726 INFO success: ai_agent_evaluator entered RUNNING state, process has stayed up for > than 1 seconds (startsecs)
2025-08-27 15:06:27,200 WARN exited: ai_agent_evaluator (exit status 1; not expected)
2025-08-27 15:06:28,204 INFO spawned: 'ai_agent_evaluator' with pid 15074
2025-08-27 15:06:29,205 INFO success: ai_agent_evaluator entered RUNNING state, process has stayed up for > than 1 seconds (startsecs)
2025-08-27 15:06:30,771 WARN exited: ai_agent_evaluator (exit status 1; not expected)
2025-08-27 15:06:31,774 INFO spawned: 'ai_agent_evaluator' with pid 15086
2025-08-27 15:06:32,776 INFO success: ai_agent_evaluator entered RUNNING state, process has stayed up for > than 1 seconds (startsecs)
2025-08-27 15:06:33,254 WARN exited: ai_agent_evaluator (exit status 1; not expected)
2025-08-27 15:06:34,257 INFO spawned: 'ai_agent_evaluator' with pid 15096
2025-08-27 15:06:35,259 INFO success: ai_agent_evaluator entered RUNNING state, process has stayed up for > than 1 seconds (startsecs)
2025-08-27 15:06:35,714 WARN exited: ai_agent_evaluator (exit status 1; not expected)
2025-08-27 15:06:36,717 INFO spawned: 'ai_agent_evaluator' with pid 15100
2025-08-27 15:06:37,719 INFO success: ai_agent_evaluator entered RUNNING state, process has stayed up for > than 1 seconds (startsecs)
2025-08-27 15:06:38,128 WARN exited: ai_agent_evaluator (exit status 1; not expected)
2025-08-27 15:06:39,131 INFO spawned: 'ai_agent_evaluator' with pid 15105
2025-08-27 15:06:40,133 INFO success: ai_agent_evaluator entered RUNNING state, process has stayed up for > than 1 seconds (startsecs)
2025-08-27 15:06:40,573 WARN exited: ai_agent_evaluator (exit status 1; not expected)
2025-08-27 15:06:41,577 INFO spawned: 'ai_agent_evaluator' with pid 15115
2025-08-27 15:06:42,578 INFO success: ai_agent_evaluator entered RUNNING state, process has stayed up for > than 1 seconds (startsecs)
2025-08-27 15:06:44,091 WARN exited: ai_agent_evaluator (exit status 1; not expected)
2025-08-27 15:06:45,094 INFO spawned: 'ai_agent_evaluator' with pid 15127
2025-08-27 15:06:46,096 INFO success: ai_agent_evaluator entered RUNNING state, process has stayed up for > than 1 seconds (startsecs)
2025-08-27 15:06:46,646 WARN exited: ai_agent_evaluator (exit status 1; not expected)
2025-08-27 15:06:47,649 INFO spawned: 'ai_agent_evaluator' with pid 15131
2025-08-27 15:06:48,650 INFO success: ai_agent_evaluator entered RUNNING state, process has stayed up for > than 1 seconds (startsecs)
2025-08-27 15:06:49,103 WARN exited: ai_agent_evaluator (exit status 1; not expected)
2025-08-27 15:06:50,106 INFO spawned: 'ai_agent_evaluator' with pid 15136
2025-08-27 15:06:51,108 INFO success: ai_agent_evaluator entered RUNNING state, process has stayed up for > than 1 seconds (startsecs)
2025-08-27 15:06:51,607 WARN exited: ai_agent_evaluator (exit status 1; not expected)
2025-08-27 15:06:52,610 INFO spawned: 'ai_agent_evaluator' with pid 15144
2025-08-27 15:06:53,612 INFO success: ai_agent_evaluator entered RUNNING state, process has stayed up for > than 1 seconds (startsecs)
2025-08-27 15:06:54,123 WARN exited: ai_agent_evaluator (exit status 1; not expected)
2025-08-27 15:06:55,126 INFO spawned: 'ai_agent_evaluator' with pid 15155
2025-08-27 15:06:56,128 INFO success: ai_agent_evaluator entered RUNNING state, process has stayed up for > than 1 seconds (startsecs)
2025-08-27 15:06:56,353 INFO waiting for ai_agent_evaluator to stop
2025-08-27 15:06:56,360 WARN stopped: ai_agent_evaluator (terminated by SIGTERM)
2025-08-27 15:06:56,363 INFO spawned: 'ai_agent_evaluator' with pid 15161
2025-08-27 15:06:57,365 INFO success: ai_agent_evaluator entered RUNNING state, process has stayed up for > than 1 seconds (startsecs)
2025-08-27 15:06:57,792 WARN exited: ai_agent_evaluator (exit status 1; not expected)
2025-08-27 15:06:58,795 INFO spawned: 'ai_agent_evaluator' with pid 15189
2025-08-27 15:06:59,796 INFO success: ai_agent_evaluator entered RUNNING state, process has stayed up for > than 1 seconds (startsecs)
2025-08-27 15:07:01,300 WARN exited: ai_agent_evaluator (exit status 1; not expected)
2025-08-27 15:07:02,303 INFO spawned: 'ai_agent_evaluator' with pid 15222
2025-08-27 15:07:03,305 INFO success: ai_agent_evaluator entered RUNNING state, process has stayed up for > than 1 seconds (startsecs)
2025-08-27 15:07:03,810 WARN exited: ai_agent_evaluator (exit status 1; not expected)
2025-08-27 15:07:04,813 INFO spawned: 'ai_agent_evaluator' with pid 15226
2025-08-27 15:07:05,815 INFO success: ai_agent_evaluator entered RUNNING state, process has stayed up for > than 1 seconds (startsecs)
2025-08-27 15:07:06,396 WARN exited: ai_agent_evaluator (exit status 1; not expected)
2025-08-27 15:07:07,399 INFO spawned: 'ai_agent_evaluator' with pid 15231
2025-08-27 15:07:08,695 INFO success: ai_agent_evaluator entered RUNNING state, process has stayed up for > than 1 seconds (startsecs)
2025-08-27 15:07:08,966 WARN exited: ai_agent_evaluator (exit status 1; not expected)
2025-08-27 15:07:09,969 INFO spawned: 'ai_agent_evaluator' with pid 15262
2025-08-27 15:07:10,970 INFO success: ai_agent_evaluator entered RUNNING state, process has stayed up for > than 1 seconds (startsecs)
2025-08-27 15:07:11,539 WARN exited: ai_agent_evaluator (exit status 1; not expected)
2025-08-27 15:07:12,543 INFO spawned: 'ai_agent_evaluator' with pid 15290
2025-08-27 15:07:13,544 INFO success: ai_agent_evaluator entered RUNNING state, process has stayed up for > than 1 seconds (startsecs)
2025-08-27 15:07:13,739 INFO waiting for ai_agent_evaluator to stop
2025-08-27 15:07:13,745 WARN stopped: ai_agent_evaluator (terminated by SIGTERM)
